<?xml version="1.0" encoding="UTF-8"?>
<!-- Generated by org.testng.reporters.JUnitReportReporter -->
<testsuite hostname="EPRUPETW9447" name="StringThreeMethodsToCheckTest" tests="1" failures="0" timestamp="23 Nov 2018 16:04:48 GMT" time="0.015" errors="0">
  <testcase name="testCountYZ" time="0.015" classname="StringThreeMethodsToCheckTest"/>
</testsuite> <!-- StringThreeMethodsToCheckTest -->
