<?xml version="1.0" encoding="UTF-8"?>
<!-- Generated by org.testng.reporters.JUnitReportReporter -->
<testsuite hostname="EPRUPETW9447" name="StringTwoMethodsTest" tests="2" failures="0" timestamp="23 Nov 2018 16:04:51 GMT" time="0.005" errors="0">
  <testcase name="testDoubleChar" time="0.005" classname="StringTwoMethodsTest"/>
  <testcase name="testDoubleCharExpectedToFail" time="0.000" classname="StringTwoMethodsTest"/>
</testsuite> <!-- StringTwoMethodsTest -->
