<?xml version="1.0" encoding="UTF-8"?>
<!-- Generated by org.testng.reporters.JUnitReportReporter -->
<testsuite hostname="EPRUPETW9447" name="StringTwoCountCodeTest" tests="2" failures="0" timestamp="22 Nov 2018 16:42:33 GMT" time="0.013" errors="0">
  <testcase name="testCountCode" time="0.012" classname="StringTwoCountCodeTest"/>
  <testcase name="testDoubleCharExpectedToFail" time="0.001" classname="StringTwoCountCodeTest"/>
</testsuite> <!-- StringTwoCountCodeTest -->
