<?xml version="1.0" encoding="UTF-8"?>
<!-- Generated by org.testng.reporters.JUnitReportReporter -->
<testsuite hostname="EPRUPETW9447" name="StringTwoCountCodeTest" tests="9" failures="0" timestamp="10 Jun 2019 18:07:17 GMT" time="0.000" errors="0">
  <testcase name="testCountCode" time="0.000" classname="StringTwoCountCodeTest"/>
  <testcase name="testCountCode3" time="0.000" classname="StringTwoCountCodeTest"/>
  <testcase name="testCountCode2" time="0.000" classname="StringTwoCountCodeTest"/>
  <testcase name="testCountCode2" time="0.000" classname="StringTwoCountCodeTest"/>
  <testcase name="testCountCode2" time="0.000" classname="StringTwoCountCodeTest"/>
  <testcase name="testDoubleCharExpectedToFail" time="0.000" classname="StringTwoCountCodeTest"/>
  <testcase name="testCountCode2" time="0.000" classname="StringTwoCountCodeTest"/>
  <testcase name="testCountCode2" time="0.000" classname="StringTwoCountCodeTest"/>
  <testcase name="testCountCode4" time="0.000" classname="StringTwoCountCodeTest"/>
</testsuite> <!-- StringTwoCountCodeTest -->
