<?xml version="1.0" encoding="UTF-8"?>
<!-- Generated by org.testng.reporters.JUnitReportReporter -->
<testsuite hostname="EPRUPETW9447" name="StringTwoCountCodeTest" tests="9" failures="0" timestamp="30 May 2019 17:50:25 GMT" time="0.004" errors="0">
  <testcase name="testDoubleCharExpectedToFail" time="0.000" classname="StringTwoCountCodeTest"/>
  <testcase name="testCountCode" time="0.000" classname="StringTwoCountCodeTest"/>
  <testcase name="testCountCode2" time="0.001" classname="StringTwoCountCodeTest"/>
  <testcase name="testCountCode2" time="0.001" classname="StringTwoCountCodeTest"/>
  <testcase name="testCountCode2" time="0.000" classname="StringTwoCountCodeTest"/>
  <testcase name="testCountCode4" time="0.001" classname="StringTwoCountCodeTest"/>
  <testcase name="testCountCode2" time="0.000" classname="StringTwoCountCodeTest"/>
  <testcase name="testCountCode2" time="0.000" classname="StringTwoCountCodeTest"/>
  <testcase name="testCountCode3" time="0.001" classname="StringTwoCountCodeTest"/>
</testsuite> <!-- StringTwoCountCodeTest -->
