<?xml version="1.0" encoding="UTF-8"?>
<!-- Generated by org.testng.reporters.JUnitReportReporter -->
<testsuite hostname="EPRUPETW9447" name="StringTwoCountCodeTest" tests="5" failures="0" timestamp="24 Nov 2018 12:00:42 GMT" time="0.005" errors="0">
  <testcase name="testDoubleCharExpectedToFail" time="0.001" classname="StringTwoCountCodeTest"/>
  <testcase name="testCountCode" time="0.004" classname="StringTwoCountCodeTest"/>
  <testcase name="testCountCode3" time="0.000" classname="StringTwoCountCodeTest"/>
  <testcase name="testCountCode4" time="0.000" classname="StringTwoCountCodeTest"/>
  <testcase name="testCountCode2" time="0.000" classname="StringTwoCountCodeTest"/>
</testsuite> <!-- StringTwoCountCodeTest -->
